#
# A fatal error has been detected by the Java Runtime Environment:
#
#  EXCEPTION_ACCESS_VIOLATION (0xc0000005) at pc=0x00007ffe9d63ba66, pid=1796, tid=9684
#
# JRE version: OpenJDK Runtime Environment Corretto-21.0.5.11.1 (21.0.5+11) (build 21.0.5+11-LTS)
# Java VM: OpenJDK 64-Bit Server VM Corretto-21.0.5.11.1 (21.0.5+11-LTS, mixed mode, sharing, tiered, compressed oops, compressed class ptrs, g1 gc, windows-amd64)
# Problematic frame:
# C  [awt.dll+0xdba66]
#
# No core dump will be written. Minidumps are not enabled by default on client versions of Windows
#
# If you would like to submit a bug report, please visit:
#   https://github.com/corretto/corretto-21/issues/
# The crash happened outside the Java Virtual Machine in native code.
# See problematic frame for where to report the bug.
#

---------------  S U M M A R Y ------------

Command Line: -Dfile.encoding=UTF-8 --module-path=C:\Users\lab_services_student\Documents\NetBeansProjects\ChatApp\build\classes chatapp.ChatApp

Host: Intel(R) Xeon(R) Platinum 8272CL CPU @ 2.60GHz, 4 cores, 15G,  Windows 11 , 64 bit Build 26100 (10.0.26100.3037)
Time: Mon Jun 23 19:16:49 2025 South Africa Standard Time elapsed time: 130.562321 seconds (0d 0h 2m 10s)

---------------  T H R E A D  ---------------

Current thread (0x000001dac51200d0):  JavaThread "AWT-Windows" daemon [_thread_in_native, id=9684, stack(0x0000009ac5800000,0x0000009ac5900000) (1024K)]

Stack: [0x0000009ac5800000,0x0000009ac5900000],  sp=0x0000009ac58fe4e0,  free space=1017k
Native frames: (J=compiled Java code, j=interpreted, Vv=VM code, C=native code)
C  [awt.dll+0xdba66]

Java frames: (J=compiled Java code, j=interpreted, Vv=VM code)
j  sun.awt.windows.WToolkit.eventLoop()V+0 java.desktop@21.0.5
j  sun.awt.windows.WToolkit.run()V+50 java.desktop@21.0.5
j  java.lang.Thread.runWith(Ljava/lang/Object;Ljava/lang/Runnable;)V+5 java.base@21.0.5
j  java.lang.Thread.run()V+19 java.base@21.0.5
v  ~StubRoutines::call_stub 0x000001daebb610e7

siginfo: EXCEPTION_ACCESS_VIOLATION (0xc0000005), reading address 0x00003e7400000061


Registers:
RAX=0x00003e7400000031, RBX=0x000001dac6646530, RCX=0x00003e7400000031, RDX=0x0000000000000162
RSP=0x0000009ac58fe4e0, RBP=0x000001dac61e59d0, RSI=0x0000000000000162, RDI=0x0000000000000000
R8 =0x0000000000000001, R9 =0x0000009ac3ef6000, R10=0x0000000000000000, R11=0x0000009ac58fe500
R12=0x000001dac61e59d0, R13=0x000001dac535ae80, R14=0x0000000000000000, R15=0x000001dac5120488
RIP=0x00007ffe9d63ba66, EFLAGS=0x0000000000010202


Register to memory mapping:

RAX=0x00003e7400000031 is an unknown value
RBX=0x000001dac6646530 points into unknown readable memory: 0x000001dac5439ba0 | a0 9b 43 c5 da 01 00 00
RCX=0x00003e7400000031 is an unknown value
RDX=0x0000000000000162 is an unknown value
RSP=0x0000009ac58fe4e0 is pointing into the stack for thread: 0x000001dac51200d0
RBP=0x000001dac61e59d0 points into unknown readable memory: 0x00007ffe9d66a788 | 88 a7 66 9d fe 7f 00 00
RSI=0x0000000000000162 is an unknown value
RDI=0x0 is null
R8 =0x0000000000000001 is an unknown value
R9 =0x0000009ac3ef6000 points into unknown readable memory: 0x0000000000000000 | 00 00 00 00 00 00 00 00
R10=0x0 is null
R11=0x0000009ac58fe500 is pointing into the stack for thread: 0x000001dac51200d0
R12=0x000001dac61e59d0 points into unknown readable memory: 0x00007ffe9d66a788 | 88 a7 66 9d fe 7f 00 00
R13=0x000001dac535ae80 points into unknown readable memory: 0x000000070fdeecb8 | b8 ec de 0f 07 00 00 00
R14=0x0 is null
R15=0x000001dac5120488 points into unknown readable memory: 0x00007ffe9f5297a0 | a0 97 52 9f fe 7f 00 00

Top of Stack: (sp=0x0000009ac58fe4e0)
0x0000009ac58fe4e0:   000001dac6646530 0000000000000162
0x0000009ac58fe4f0:   000030249c858f5d 000001dac6646530
0x0000009ac58fe500:   000001dac6646530 00007ffe9d5f26f8
0x0000009ac58fe510:   00007ffe9d69a838 000001dac61e59e8
0x0000009ac58fe520:   000001dac61e59d0 0000000000000162
0x0000009ac58fe530:   0000000000000616 00007ffe9d5f303f
0x0000009ac58fe540:   000001dac6646530 000001dac61e59e8
0x0000009ac58fe550:   0000000000000000 000001dac124c140
0x0000009ac58fe560:   01dbe4629b0227b2 000000070fb0ebb0
0x0000009ac58fe570:   000000070f2474f8 000001daec14a710
0x0000009ac58fe580:   0000000000000004 000001dac18b0448
0x0000009ac58fe590:   000001dac51200d0 00007ffe9ecea78b
0x0000009ac58fe5a0:   000001dac535a630 000000070f2d0c20
0x0000009ac58fe5b0:   000003bbffffff8e 0000000000000000
0x0000009ac58fe5c0:   000001f900000000 000001979dcae64a
0x0000009ac58fe5d0:   0000000000000000 000001dac61e59e8
0x0000009ac58fe5e0:   0000002600000009 0000000900000009
0x0000009ac58fe5f0:   000030249c8589fd 00007ffe9ed42f24
0x0000009ac58fe600:   0000000000000000 0000000000000000
0x0000009ac58fe610:   0000000000000000 0000000000009803
0x0000009ac58fe620:   0000000000000000 00000000ffffff8e
0x0000009ac58fe630:   00000000000003bb 000001dac61e59d0
0x0000009ac58fe640:   0000000000000000 00007ffe9d5f701a
0x0000009ac58fe650:   01dbe4629b024e41 0000000000000000
0x0000009ac58fe660:   00007ffe9d560000 00007ffedbaf3bdb
0x0000009ac58fe670:   0000009affffff8e 0000009a00000000
0x0000009ac58fe680:   000001da00000000 00007ffe9d634000
0x0000009ac58fe690:   000001da00000000 0000000000000000
0x0000009ac58fe6a0:   0000000000000000 0000000000000000
0x0000009ac58fe6b0:   0000000000000000 00007ffe9d5f512a
0x0000009ac58fe6c0:   00007ffe9d560000 0000009ac58fe739
0x0000009ac58fe6d0:   0000000000000000 000001dac61e59d0 

Instructions: (pc=0x00007ffe9d63ba66)
0x00007ffe9d63b966:   c2 f4 ff 48 85 c0 74 62 e8 cd c2 f4 ff 48 8b d8
0x00007ffe9d63b976:   48 89 44 24 30 8b 68 0c 33 f6 85 ed 7e 43 0f 1f
0x00007ffe9d63b986:   40 00 0f 1f 84 00 00 00 00 00 41 b8 01 00 00 00
0x00007ffe9d63b996:   8b d6 48 8b cb e8 20 c2 f4 ff 48 8b 78 28 41 b8
0x00007ffe9d63b9a6:   01 00 00 00 8b d6 48 8b cb e8 0c c2 f4 ff 48 8b
0x00007ffe9d63b9b6:   50 30 48 8b cf ff 15 f7 83 06 00 ff c6 3b f5 7c
0x00007ffe9d63b9c6:   c9 48 8b cb e8 31 c4 f4 ff 90 48 8b 5c 24 38 48
0x00007ffe9d63b9d6:   8b 6c 24 40 48 8b 74 24 48 48 83 c4 20 5f c3 cc
0x00007ffe9d63b9e6:   cc cc cc cc cc cc cc cc cc cc 40 53 48 83 ec 20
0x00007ffe9d63b9f6:   48 8b 41 30 8b 58 04 2b d3 66 0f 6e c2 0f 5b c0
0x00007ffe9d63ba06:   f3 0f 5e 41 48 0f 5a c8 f2 0f 10 05 7a 52 03 00
0x00007ffe9d63ba16:   f2 0f 5c 0d da 51 01 00 66 0f 2f c1 76 0d b8 00
0x00007ffe9d63ba26:   00 00 80 03 c3 48 83 c4 20 5b c3 66 0f 2f 0d 57
0x00007ffe9d63ba36:   9b 02 00 76 0d b8 ff ff ff 7f 03 c3 48 83 c4 20
0x00007ffe9d63ba46:   5b c3 0f 28 c1 e8 14 11 01 00 f2 0f 2c c0 03 c3
0x00007ffe9d63ba56:   48 83 c4 20 5b c3 cc cc cc cc 40 53 48 83 ec 20
0x00007ffe9d63ba66:   48 8b 41 30 8b 58 08 2b d3 66 0f 6e c2 0f 5b c0
0x00007ffe9d63ba76:   f3 0f 5e 41 4c 0f 5a c8 f2 0f 10 05 0a 52 03 00
0x00007ffe9d63ba86:   f2 0f 5c 0d 6a 51 01 00 66 0f 2f c1 76 0d b8 00
0x00007ffe9d63ba96:   00 00 80 03 c3 48 83 c4 20 5b c3 66 0f 2f 0d e7
0x00007ffe9d63baa6:   9a 02 00 76 0d b8 ff ff ff 7f 03 c3 48 83 c4 20
0x00007ffe9d63bab6:   5b c3 0f 28 c1 e8 a4 10 01 00 f2 0f 2c c0 03 c3
0x00007ffe9d63bac6:   48 83 c4 20 5b c3 cc cc cc cc 48 83 ec 28 66 0f
0x00007ffe9d63bad6:   6e c2 0f 5b c0 f3 0f 5e 41 48 0f 5a c8 f2 0f 10
0x00007ffe9d63bae6:   05 a5 51 03 00 f2 0f 5c 0d 05 51 01 00 66 0f 2f
0x00007ffe9d63baf6:   c1 76 0a b8 00 00 00 80 48 83 c4 28 c3 66 0f 2f
0x00007ffe9d63bb06:   0d 85 9a 02 00 76 0a b8 ff ff ff 7f 48 83 c4 28
0x00007ffe9d63bb16:   c3 0f 28 c1 e8 45 10 01 00 f2 0f 2c c0 48 83 c4
0x00007ffe9d63bb26:   28 c3 cc cc cc cc cc cc cc cc 48 83 ec 28 66 0f
0x00007ffe9d63bb36:   6e c2 0f 5b c0 f3 0f 5e 41 4c 0f 5a c8 f2 0f 10
0x00007ffe9d63bb46:   05 45 51 03 00 f2 0f 5c 0d a5 50 01 00 66 0f 2f
0x00007ffe9d63bb56:   c1 76 0a b8 00 00 00 80 48 83 c4 28 c3 66 0f 2f 


Stack slot to memory mapping:

stack at sp + 0 slots: 0x000001dac6646530 points into unknown readable memory: 0x000001dac5439ba0 | a0 9b 43 c5 da 01 00 00
stack at sp + 1 slots: 0x0000000000000162 is an unknown value
stack at sp + 2 slots: 0x000030249c858f5d is an unknown value
stack at sp + 3 slots: 0x000001dac6646530 points into unknown readable memory: 0x000001dac5439ba0 | a0 9b 43 c5 da 01 00 00
stack at sp + 4 slots: 0x000001dac6646530 points into unknown readable memory: 0x000001dac5439ba0 | a0 9b 43 c5 da 01 00 00
stack at sp + 5 slots: 0x00007ffe9d5f26f8 awt.dll
stack at sp + 6 slots: 0x00007ffe9d69a838 awt.dll
stack at sp + 7 slots: 0x000001dac61e59e8 points into unknown readable memory: 0x00007ffe9d650c10 | 10 0c 65 9d fe 7f 00 00


---------------  P R O C E S S  ---------------

Threads class SMR info:
_java_thread_list=0x000001dac520fe50, length=16, elements={
0x000001dadbf18cb0, 0x000001dafb2d57a0, 0x000001dafb2d6b70, 0x000001dafb2da650,
0x000001dafb2db230, 0x000001dafb2e2510, 0x000001dac5122830, 0x000001dac5125de0,
0x000001dac5128490, 0x000001dac5122ec0, 0x000001dac5120df0, 0x000001dac5123550,
0x000001dac5121b10, 0x000001dac51200d0, 0x000001dac5121480, 0x000001dac51221a0
}

Java Threads: ( => current thread )
  0x000001dadbf18cb0 JavaThread "main"                              [_thread_blocked, id=8300, stack(0x0000009ac4400000,0x0000009ac4500000) (1024K)]
  0x000001dafb2d57a0 JavaThread "Reference Handler"          daemon [_thread_blocked, id=8360, stack(0x0000009ac4c00000,0x0000009ac4d00000) (1024K)]
  0x000001dafb2d6b70 JavaThread "Finalizer"                  daemon [_thread_blocked, id=9548, stack(0x0000009ac4d00000,0x0000009ac4e00000) (1024K)]
  0x000001dafb2da650 JavaThread "Signal Dispatcher"          daemon [_thread_blocked, id=10808, stack(0x0000009ac4e00000,0x0000009ac4f00000) (1024K)]
  0x000001dafb2db230 JavaThread "Attach Listener"            daemon [_thread_blocked, id=7172, stack(0x0000009ac4f00000,0x0000009ac5000000) (1024K)]
  0x000001dafb2e2510 JavaThread "Service Thread"             daemon [_thread_blocked, id=4476, stack(0x0000009ac5000000,0x0000009ac5100000) (1024K)]
  0x000001dac5122830 JavaThread "Monitor Deflation Thread"   daemon [_thread_blocked, id=7388, stack(0x0000009ac5100000,0x0000009ac5200000) (1024K)]
  0x000001dac5125de0 JavaThread "C2 CompilerThread0"         daemon [_thread_blocked, id=7348, stack(0x0000009ac5200000,0x0000009ac5300000) (1024K)]
  0x000001dac5128490 JavaThread "C1 CompilerThread0"         daemon [_thread_blocked, id=9916, stack(0x0000009ac5300000,0x0000009ac5400000) (1024K)]
  0x000001dac5122ec0 JavaThread "Common-Cleaner"             daemon [_thread_blocked, id=5880, stack(0x0000009ac5400000,0x0000009ac5500000) (1024K)]
  0x000001dac5120df0 JavaThread "Notification Thread"        daemon [_thread_blocked, id=7776, stack(0x0000009ac5500000,0x0000009ac5600000) (1024K)]
  0x000001dac5123550 JavaThread "Java2D Disposer"            daemon [_thread_blocked, id=8008, stack(0x0000009ac5600000,0x0000009ac5700000) (1024K)]
  0x000001dac5121b10 JavaThread "AWT-Shutdown"                      [_thread_blocked, id=2868, stack(0x0000009ac5700000,0x0000009ac5800000) (1024K)]
=>0x000001dac51200d0 JavaThread "AWT-Windows"                daemon [_thread_in_native, id=9684, stack(0x0000009ac5800000,0x0000009ac5900000) (1024K)]
  0x000001dac5121480 JavaThread "AWT-EventQueue-0"                  [_thread_in_native, id=10136, stack(0x0000009ac5a00000,0x0000009ac5b00000) (1024K)]
  0x000001dac51221a0 JavaThread "TimerQueue"                 daemon [_thread_blocked, id=3584, stack(0x0000009ac5e00000,0x0000009ac5f00000) (1024K)]
Total: 16

Other Threads:
  0x000001dafb2b1db0 VMThread "VM Thread"                           [id=7012, stack(0x0000009ac4b00000,0x0000009ac4c00000) (1024K)]
  0x000001dafb29ff00 WatcherThread "VM Periodic Task Thread"        [id=2604, stack(0x0000009ac4a00000,0x0000009ac4b00000) (1024K)]
  0x000001dadbf7c130 WorkerThread "GC Thread#0"                     [id=6980, stack(0x0000009ac4500000,0x0000009ac4600000) (1024K)]
  0x000001dac61446b0 WorkerThread "GC Thread#1"                     [id=7044, stack(0x0000009ac5900000,0x0000009ac5a00000) (1024K)]
  0x000001dac6144df0 WorkerThread "GC Thread#2"                     [id=7064, stack(0x0000009ac5f00000,0x0000009ac6000000) (1024K)]
  0x000001dac6144a50 WorkerThread "GC Thread#3"                     [id=7548, stack(0x0000009ac6000000,0x0000009ac6100000) (1024K)]
  0x000001dadbf8d420 ConcurrentGCThread "G1 Main Marker"            [id=7808, stack(0x0000009ac4600000,0x0000009ac4700000) (1024K)]
  0x000001dadbf8f940 WorkerThread "G1 Conc#0"                       [id=8312, stack(0x0000009ac4700000,0x0000009ac4800000) (1024K)]
  0x000001dafb15fb00 ConcurrentGCThread "G1 Refine#0"               [id=4496, stack(0x0000009ac4800000,0x0000009ac4900000) (1024K)]
  0x000001dafb160030 ConcurrentGCThread "G1 Service"                [id=4020, stack(0x0000009ac4900000,0x0000009ac4a00000) (1024K)]
Total: 10

Threads with active compile tasks:
Total: 0

VM state: not at safepoint (normal execution)

VM Mutex/Monitor currently owned by a thread: None

Heap address: 0x0000000700000000, size: 4096 MB, Compressed Oops mode: Zero based, Oop shift amount: 3

CDS archive(s) mapped at: [0x000001da80000000-0x000001da80c80000-0x000001da80c80000), size 13107200, SharedBaseAddress: 0x000001da80000000, ArchiveRelocationMode: 1.
Compressed class space mapped at: 0x000001da81000000-0x000001dac1000000, reserved size: 1073741824
Narrow klass base: 0x000001da80000000, Narrow klass shift: 0, Narrow klass range: 0x100000000

GC Precious Log:
 CardTable entry size: 512
 Card Set container configuration: InlinePtr #cards 4 size 8 Array Of Cards #cards 16 size 48 Howl #buckets 8 coarsen threshold 3686 Howl Bitmap #cards 512 size 80 coarsen threshold 460 Card regions per heap region 1 cards per card region 4096
 CPUs: 4 total, 4 available
 Memory: 16382M
 Large Page Support: Disabled
 NUMA Support: Disabled
 Compressed Oops: Enabled (Zero based)
 Heap Region Size: 2M
 Heap Min Capacity: 8M
 Heap Initial Capacity: 256M
 Heap Max Capacity: 4G
 Pre-touch: Disabled
 Parallel Workers: 4
 Concurrent Workers: 1
 Concurrent Refinement Workers: 4
 Periodic GC: Disabled

Heap:
 garbage-first heap   total 262144K, used 6424K [0x0000000700000000, 0x0000000800000000)
  region size 2048K, 4 young (8192K), 1 survivors (2048K)
 Metaspace       used 9874K, committed 10176K, reserved 1114112K
  class space    used 1006K, committed 1152K, reserved 1048576K

Heap Regions: E=young(eden), S=young(survivor), O=old, HS=humongous(starts), HC=humongous(continues), CS=collection set, F=free, TAMS=top-at-mark-start, PB=parsable bottom
|   0|0x0000000700000000, 0x0000000700046000, 0x0000000700200000| 13%| O|  |TAMS 0x0000000700000000| PB 0x0000000700000000| Untracked 
|   1|0x0000000700200000, 0x0000000700200000, 0x0000000700400000|  0%| F|  |TAMS 0x0000000700200000| PB 0x0000000700200000| Untracked 
|   2|0x0000000700400000, 0x0000000700400000, 0x0000000700600000|  0%| F|  |TAMS 0x0000000700400000| PB 0x0000000700400000| Untracked 
|   3|0x0000000700600000, 0x0000000700600000, 0x0000000700800000|  0%| F|  |TAMS 0x0000000700600000| PB 0x0000000700600000| Untracked 
|   4|0x0000000700800000, 0x0000000700800000, 0x0000000700a00000|  0%| F|  |TAMS 0x0000000700800000| PB 0x0000000700800000| Untracked 
|   5|0x0000000700a00000, 0x0000000700a00000, 0x0000000700c00000|  0%| F|  |TAMS 0x0000000700a00000| PB 0x0000000700a00000| Untracked 
|   6|0x0000000700c00000, 0x0000000700c00000, 0x0000000700e00000|  0%| F|  |TAMS 0x0000000700c00000| PB 0x0000000700c00000| Untracked 
|   7|0x0000000700e00000, 0x0000000700e00000, 0x0000000701000000|  0%| F|  |TAMS 0x0000000700e00000| PB 0x0000000700e00000| Untracked 
|   8|0x0000000701000000, 0x0000000701000000, 0x0000000701200000|  0%| F|  |TAMS 0x0000000701000000| PB 0x0000000701000000| Untracked 
|   9|0x0000000701200000, 0x0000000701200000, 0x0000000701400000|  0%| F|  |TAMS 0x0000000701200000| PB 0x0000000701200000| Untracked 
|  10|0x0000000701400000, 0x0000000701400000, 0x0000000701600000|  0%| F|  |TAMS 0x0000000701400000| PB 0x0000000701400000| Untracked 
|  11|0x0000000701600000, 0x0000000701600000, 0x0000000701800000|  0%| F|  |TAMS 0x0000000701600000| PB 0x0000000701600000| Untracked 
|  12|0x0000000701800000, 0x0000000701800000, 0x0000000701a00000|  0%| F|  |TAMS 0x0000000701800000| PB 0x0000000701800000| Untracked 
|  13|0x0000000701a00000, 0x0000000701a00000, 0x0000000701c00000|  0%| F|  |TAMS 0x0000000701a00000| PB 0x0000000701a00000| Untracked 
|  14|0x0000000701c00000, 0x0000000701c00000, 0x0000000701e00000|  0%| F|  |TAMS 0x0000000701c00000| PB 0x0000000701c00000| Untracked 
|  15|0x0000000701e00000, 0x0000000701e00000, 0x0000000702000000|  0%| F|  |TAMS 0x0000000701e00000| PB 0x0000000701e00000| Untracked 
|  16|0x0000000702000000, 0x0000000702000000, 0x0000000702200000|  0%| F|  |TAMS 0x0000000702000000| PB 0x0000000702000000| Untracked 
|  17|0x0000000702200000, 0x0000000702200000, 0x0000000702400000|  0%| F|  |TAMS 0x0000000702200000| PB 0x0000000702200000| Untracked 
|  18|0x0000000702400000, 0x0000000702400000, 0x0000000702600000|  0%| F|  |TAMS 0x0000000702400000| PB 0x0000000702400000| Untracked 
|  19|0x0000000702600000, 0x0000000702600000, 0x0000000702800000|  0%| F|  |TAMS 0x0000000702600000| PB 0x0000000702600000| Untracked 
|  20|0x0000000702800000, 0x0000000702800000, 0x0000000702a00000|  0%| F|  |TAMS 0x0000000702800000| PB 0x0000000702800000| Untracked 
|  21|0x0000000702a00000, 0x0000000702a00000, 0x0000000702c00000|  0%| F|  |TAMS 0x0000000702a00000| PB 0x0000000702a00000| Untracked 
|  22|0x0000000702c00000, 0x0000000702c00000, 0x0000000702e00000|  0%| F|  |TAMS 0x0000000702c00000| PB 0x0000000702c00000| Untracked 
|  23|0x0000000702e00000, 0x0000000702e00000, 0x0000000703000000|  0%| F|  |TAMS 0x0000000702e00000| PB 0x0000000702e00000| Untracked 
|  24|0x0000000703000000, 0x0000000703000000, 0x0000000703200000|  0%| F|  |TAMS 0x0000000703000000| PB 0x0000000703000000| Untracked 
|  25|0x0000000703200000, 0x0000000703200000, 0x0000000703400000|  0%| F|  |TAMS 0x0000000703200000| PB 0x0000000703200000| Untracked 
|  26|0x0000000703400000, 0x0000000703400000, 0x0000000703600000|  0%| F|  |TAMS 0x0000000703400000| PB 0x0000000703400000| Untracked 
|  27|0x0000000703600000, 0x0000000703600000, 0x0000000703800000|  0%| F|  |TAMS 0x0000000703600000| PB 0x0000000703600000| Untracked 
|  28|0x0000000703800000, 0x0000000703800000, 0x0000000703a00000|  0%| F|  |TAMS 0x0000000703800000| PB 0x0000000703800000| Untracked 
|  29|0x0000000703a00000, 0x0000000703a00000, 0x0000000703c00000|  0%| F|  |TAMS 0x0000000703a00000| PB 0x0000000703a00000| Untracked 
|  30|0x0000000703c00000, 0x0000000703c00000, 0x0000000703e00000|  0%| F|  |TAMS 0x0000000703c00000| PB 0x0000000703c00000| Untracked 
|  31|0x0000000703e00000, 0x0000000703e00000, 0x0000000704000000|  0%| F|  |TAMS 0x0000000703e00000| PB 0x0000000703e00000| Untracked 
|  32|0x0000000704000000, 0x0000000704000000, 0x0000000704200000|  0%| F|  |TAMS 0x0000000704000000| PB 0x0000000704000000| Untracked 
|  33|0x0000000704200000, 0x0000000704200000, 0x0000000704400000|  0%| F|  |TAMS 0x0000000704200000| PB 0x0000000704200000| Untracked 
|  34|0x0000000704400000, 0x0000000704400000, 0x0000000704600000|  0%| F|  |TAMS 0x0000000704400000| PB 0x0000000704400000| Untracked 
|  35|0x0000000704600000, 0x0000000704600000, 0x0000000704800000|  0%| F|  |TAMS 0x0000000704600000| PB 0x0000000704600000| Untracked 
|  36|0x0000000704800000, 0x0000000704800000, 0x0000000704a00000|  0%| F|  |TAMS 0x0000000704800000| PB 0x0000000704800000| Untracked 
|  37|0x0000000704a00000, 0x0000000704a00000, 0x0000000704c00000|  0%| F|  |TAMS 0x0000000704a00000| PB 0x0000000704a00000| Untracked 
|  38|0x0000000704c00000, 0x0000000704c00000, 0x0000000704e00000|  0%| F|  |TAMS 0x0000000704c00000| PB 0x0000000704c00000| Untracked 
|  39|0x0000000704e00000, 0x0000000704e00000, 0x0000000705000000|  0%| F|  |TAMS 0x0000000704e00000| PB 0x0000000704e00000| Untracked 
|  40|0x0000000705000000, 0x0000000705000000, 0x0000000705200000|  0%| F|  |TAMS 0x0000000705000000| PB 0x0000000705000000| Untracked 
|  41|0x0000000705200000, 0x0000000705200000, 0x0000000705400000|  0%| F|  |TAMS 0x0000000705200000| PB 0x0000000705200000| Untracked 
|  42|0x0000000705400000, 0x0000000705400000, 0x0000000705600000|  0%| F|  |TAMS 0x0000000705400000| PB 0x0000000705400000| Untracked 
|  43|0x0000000705600000, 0x0000000705600000, 0x0000000705800000|  0%| F|  |TAMS 0x0000000705600000| PB 0x0000000705600000| Untracked 
|  44|0x0000000705800000, 0x0000000705800000, 0x0000000705a00000|  0%| F|  |TAMS 0x0000000705800000| PB 0x0000000705800000| Untracked 
|  45|0x0000000705a00000, 0x0000000705a00000, 0x0000000705c00000|  0%| F|  |TAMS 0x0000000705a00000| PB 0x0000000705a00000| Untracked 
|  46|0x0000000705c00000, 0x0000000705c00000, 0x0000000705e00000|  0%| F|  |TAMS 0x0000000705c00000| PB 0x0000000705c00000| Untracked 
|  47|0x0000000705e00000, 0x0000000705e00000, 0x0000000706000000|  0%| F|  |TAMS 0x0000000705e00000| PB 0x0000000705e00000| Untracked 
|  48|0x0000000706000000, 0x0000000706000000, 0x0000000706200000|  0%| F|  |TAMS 0x0000000706000000| PB 0x0000000706000000| Untracked 
|  49|0x0000000706200000, 0x0000000706200000, 0x0000000706400000|  0%| F|  |TAMS 0x0000000706200000| PB 0x0000000706200000| Untracked 
|  50|0x0000000706400000, 0x0000000706400000, 0x0000000706600000|  0%| F|  |TAMS 0x0000000706400000| PB 0x0000000706400000| Untracked 
|  51|0x0000000706600000, 0x0000000706600000, 0x0000000706800000|  0%| F|  |TAMS 0x0000000706600000| PB 0x0000000706600000| Untracked 
|  52|0x0000000706800000, 0x0000000706800000, 0x0000000706a00000|  0%| F|  |TAMS 0x0000000706800000| PB 0x0000000706800000| Untracked 
|  53|0x0000000706a00000, 0x0000000706a00000, 0x0000000706c00000|  0%| F|  |TAMS 0x0000000706a00000| PB 0x0000000706a00000| Untracked 
|  54|0x0000000706c00000, 0x0000000706c00000, 0x0000000706e00000|  0%| F|  |TAMS 0x0000000706c00000| PB 0x0000000706c00000| Untracked 
|  55|0x0000000706e00000, 0x0000000706e00000, 0x0000000707000000|  0%| F|  |TAMS 0x0000000706e00000| PB 0x0000000706e00000| Untracked 
|  56|0x0000000707000000, 0x0000000707000000, 0x0000000707200000|  0%| F|  |TAMS 0x0000000707000000| PB 0x0000000707000000| Untracked 
|  57|0x0000000707200000, 0x0000000707200000, 0x0000000707400000|  0%| F|  |TAMS 0x0000000707200000| PB 0x0000000707200000| Untracked 
|  58|0x0000000707400000, 0x0000000707400000, 0x0000000707600000|  0%| F|  |TAMS 0x0000000707400000| PB 0x0000000707400000| Untracked 
|  59|0x0000000707600000, 0x0000000707600000, 0x0000000707800000|  0%| F|  |TAMS 0x0000000707600000| PB 0x0000000707600000| Untracked 
|  60|0x0000000707800000, 0x0000000707800000, 0x0000000707a00000|  0%| F|  |TAMS 0x0000000707800000| PB 0x0000000707800000| Untracked 
|  61|0x0000000707a00000, 0x0000000707a00000, 0x0000000707c00000|  0%| F|  |TAMS 0x0000000707a00000| PB 0x0000000707a00000| Untracked 
|  62|0x0000000707c00000, 0x0000000707c00000, 0x0000000707e00000|  0%| F|  |TAMS 0x0000000707c00000| PB 0x0000000707c00000| Untracked 
|  63|0x0000000707e00000, 0x0000000707e00000, 0x0000000708000000|  0%| F|  |TAMS 0x0000000707e00000| PB 0x0000000707e00000| Untracked 
|  64|0x0000000708000000, 0x0000000708000000, 0x0000000708200000|  0%| F|  |TAMS 0x0000000708000000| PB 0x0000000708000000| Untracked 
|  65|0x0000000708200000, 0x0000000708200000, 0x0000000708400000|  0%| F|  |TAMS 0x0000000708200000| PB 0x0000000708200000| Untracked 
|  66|0x0000000708400000, 0x0000000708400000, 0x0000000708600000|  0%| F|  |TAMS 0x0000000708400000| PB 0x0000000708400000| Untracked 
|  67|0x0000000708600000, 0x0000000708600000, 0x0000000708800000|  0%| F|  |TAMS 0x0000000708600000| PB 0x0000000708600000| Untracked 
|  68|0x0000000708800000, 0x0000000708800000, 0x0000000708a00000|  0%| F|  |TAMS 0x0000000708800000| PB 0x0000000708800000| Untracked 
|  69|0x0000000708a00000, 0x0000000708a00000, 0x0000000708c00000|  0%| F|  |TAMS 0x0000000708a00000| PB 0x0000000708a00000| Untracked 
|  70|0x0000000708c00000, 0x0000000708c00000, 0x0000000708e00000|  0%| F|  |TAMS 0x0000000708c00000| PB 0x0000000708c00000| Untracked 
|  71|0x0000000708e00000, 0x0000000708e00000, 0x0000000709000000|  0%| F|  |TAMS 0x0000000708e00000| PB 0x0000000708e00000| Untracked 
|  72|0x0000000709000000, 0x0000000709000000, 0x0000000709200000|  0%| F|  |TAMS 0x0000000709000000| PB 0x0000000709000000| Untracked 
|  73|0x0000000709200000, 0x0000000709200000, 0x0000000709400000|  0%| F|  |TAMS 0x0000000709200000| PB 0x0000000709200000| Untracked 
|  74|0x0000000709400000, 0x0000000709400000, 0x0000000709600000|  0%| F|  |TAMS 0x0000000709400000| PB 0x0000000709400000| Untracked 
|  75|0x0000000709600000, 0x0000000709600000, 0x0000000709800000|  0%| F|  |TAMS 0x0000000709600000| PB 0x0000000709600000| Untracked 
|  76|0x0000000709800000, 0x0000000709800000, 0x0000000709a00000|  0%| F|  |TAMS 0x0000000709800000| PB 0x0000000709800000| Untracked 
|  77|0x0000000709a00000, 0x0000000709a00000, 0x0000000709c00000|  0%| F|  |TAMS 0x0000000709a00000| PB 0x0000000709a00000| Untracked 
|  78|0x0000000709c00000, 0x0000000709c00000, 0x0000000709e00000|  0%| F|  |TAMS 0x0000000709c00000| PB 0x0000000709c00000| Untracked 
|  79|0x0000000709e00000, 0x0000000709e00000, 0x000000070a000000|  0%| F|  |TAMS 0x0000000709e00000| PB 0x0000000709e00000| Untracked 
|  80|0x000000070a000000, 0x000000070a000000, 0x000000070a200000|  0%| F|  |TAMS 0x000000070a000000| PB 0x000000070a000000| Untracked 
|  81|0x000000070a200000, 0x000000070a200000, 0x000000070a400000|  0%| F|  |TAMS 0x000000070a200000| PB 0x000000070a200000| Untracked 
|  82|0x000000070a400000, 0x000000070a400000, 0x000000070a600000|  0%| F|  |TAMS 0x000000070a400000| PB 0x000000070a400000| Untracked 
|  83|0x000000070a600000, 0x000000070a600000, 0x000000070a800000|  0%| F|  |TAMS 0x000000070a600000| PB 0x000000070a600000| Untracked 
|  84|0x000000070a800000, 0x000000070a800000, 0x000000070aa00000|  0%| F|  |TAMS 0x000000070a800000| PB 0x000000070a800000| Untracked 
|  85|0x000000070aa00000, 0x000000070aa00000, 0x000000070ac00000|  0%| F|  |TAMS 0x000000070aa00000| PB 0x000000070aa00000| Untracked 
|  86|0x000000070ac00000, 0x000000070ac00000, 0x000000070ae00000|  0%| F|  |TAMS 0x000000070ac00000| PB 0x000000070ac00000| Untracked 
|  87|0x000000070ae00000, 0x000000070ae00000, 0x000000070b000000|  0%| F|  |TAMS 0x000000070ae00000| PB 0x000000070ae00000| Untracked 
|  88|0x000000070b000000, 0x000000070b000000, 0x000000070b200000|  0%| F|  |TAMS 0x000000070b000000| PB 0x000000070b000000| Untracked 
|  89|0x000000070b200000, 0x000000070b200000, 0x000000070b400000|  0%| F|  |TAMS 0x000000070b200000| PB 0x000000070b200000| Untracked 
|  90|0x000000070b400000, 0x000000070b400000, 0x000000070b600000|  0%| F|  |TAMS 0x000000070b400000| PB 0x000000070b400000| Untracked 
|  91|0x000000070b600000, 0x000000070b600000, 0x000000070b800000|  0%| F|  |TAMS 0x000000070b600000| PB 0x000000070b600000| Untracked 
|  92|0x000000070b800000, 0x000000070b800000, 0x000000070ba00000|  0%| F|  |TAMS 0x000000070b800000| PB 0x000000070b800000| Untracked 
|  93|0x000000070ba00000, 0x000000070ba00000, 0x000000070bc00000|  0%| F|  |TAMS 0x000000070ba00000| PB 0x000000070ba00000| Untracked 
|  94|0x000000070bc00000, 0x000000070bc00000, 0x000000070be00000|  0%| F|  |TAMS 0x000000070bc00000| PB 0x000000070bc00000| Untracked 
|  95|0x000000070be00000, 0x000000070be00000, 0x000000070c000000|  0%| F|  |TAMS 0x000000070be00000| PB 0x000000070be00000| Untracked 
|  96|0x000000070c000000, 0x000000070c000000, 0x000000070c200000|  0%| F|  |TAMS 0x000000070c000000| PB 0x000000070c000000| Untracked 
|  97|0x000000070c200000, 0x000000070c200000, 0x000000070c400000|  0%| F|  |TAMS 0x000000070c200000| PB 0x000000070c200000| Untracked 
|  98|0x000000070c400000, 0x000000070c400000, 0x000000070c600000|  0%| F|  |TAMS 0x000000070c400000| PB 0x000000070c400000| Untracked 
|  99|0x000000070c600000, 0x000000070c600000, 0x000000070c800000|  0%| F|  |TAMS 0x000000070c600000| PB 0x000000070c600000| Untracked 
| 100|0x000000070c800000, 0x000000070c800000, 0x000000070ca00000|  0%| F|  |TAMS 0x000000070c800000| PB 0x000000070c800000| Untracked 
| 101|0x000000070ca00000, 0x000000070ca00000, 0x000000070cc00000|  0%| F|  |TAMS 0x000000070ca00000| PB 0x000000070ca00000| Untracked 
| 102|0x000000070cc00000, 0x000000070cc00000, 0x000000070ce00000|  0%| F|  |TAMS 0x000000070cc00000| PB 0x000000070cc00000| Untracked 
| 103|0x000000070ce00000, 0x000000070ce00000, 0x000000070d000000|  0%| F|  |TAMS 0x000000070ce00000| PB 0x000000070ce00000| Untracked 
| 104|0x000000070d000000, 0x000000070d000000, 0x000000070d200000|  0%| F|  |TAMS 0x000000070d000000| PB 0x000000070d000000| Untracked 
| 105|0x000000070d200000, 0x000000070d200000, 0x000000070d400000|  0%| F|  |TAMS 0x000000070d200000| PB 0x000000070d200000| Untracked 
| 106|0x000000070d400000, 0x000000070d400000, 0x000000070d600000|  0%| F|  |TAMS 0x000000070d400000| PB 0x000000070d400000| Untracked 
| 107|0x000000070d600000, 0x000000070d600000, 0x000000070d800000|  0%| F|  |TAMS 0x000000070d600000| PB 0x000000070d600000| Untracked 
| 108|0x000000070d800000, 0x000000070d800000, 0x000000070da00000|  0%| F|  |TAMS 0x000000070d800000| PB 0x000000070d800000| Untracked 
| 109|0x000000070da00000, 0x000000070da00000, 0x000000070dc00000|  0%| F|  |TAMS 0x000000070da00000| PB 0x000000070da00000| Untracked 
| 110|0x000000070dc00000, 0x000000070dc00000, 0x000000070de00000|  0%| F|  |TAMS 0x000000070dc00000| PB 0x000000070dc00000| Untracked 
| 111|0x000000070de00000, 0x000000070de00000, 0x000000070e000000|  0%| F|  |TAMS 0x000000070de00000| PB 0x000000070de00000| Untracked 
| 112|0x000000070e000000, 0x000000070e000000, 0x000000070e200000|  0%| F|  |TAMS 0x000000070e000000| PB 0x000000070e000000| Untracked 
| 113|0x000000070e200000, 0x000000070e200000, 0x000000070e400000|  0%| F|  |TAMS 0x000000070e200000| PB 0x000000070e200000| Untracked 
| 114|0x000000070e400000, 0x000000070e400000, 0x000000070e600000|  0%| F|  |TAMS 0x000000070e400000| PB 0x000000070e400000| Untracked 
| 115|0x000000070e600000, 0x000000070e600000, 0x000000070e800000|  0%| F|  |TAMS 0x000000070e600000| PB 0x000000070e600000| Untracked 
| 116|0x000000070e800000, 0x000000070e800000, 0x000000070ea00000|  0%| F|  |TAMS 0x000000070e800000| PB 0x000000070e800000| Untracked 
| 117|0x000000070ea00000, 0x000000070ea00000, 0x000000070ec00000|  0%| F|  |TAMS 0x000000070ea00000| PB 0x000000070ea00000| Untracked 
| 118|0x000000070ec00000, 0x000000070ec00000, 0x000000070ee00000|  0%| F|  |TAMS 0x000000070ec00000| PB 0x000000070ec00000| Untracked 
| 119|0x000000070ee00000, 0x000000070ee00000, 0x000000070f000000|  0%| F|  |TAMS 0x000000070ee00000| PB 0x000000070ee00000| Untracked 
| 120|0x000000070f000000, 0x000000070f000000, 0x000000070f200000|  0%| F|  |TAMS 0x000000070f000000| PB 0x000000070f000000| Untracked 
| 121|0x000000070f200000, 0x000000070f400000, 0x000000070f400000|100%| S|CS|TAMS 0x000000070f200000| PB 0x000000070f200000| Complete 
| 122|0x000000070f400000, 0x000000070f400000, 0x000000070f600000|  0%| F|  |TAMS 0x000000070f400000| PB 0x000000070f400000| Untracked 
| 123|0x000000070f600000, 0x000000070f600000, 0x000000070f800000|  0%| F|  |TAMS 0x000000070f600000| PB 0x000000070f600000| Untracked 
| 124|0x000000070f800000, 0x000000070f800000, 0x000000070fa00000|  0%| F|  |TAMS 0x000000070f800000| PB 0x000000070f800000| Untracked 
| 125|0x000000070fa00000, 0x000000070fb25e38, 0x000000070fc00000| 57%| E|  |TAMS 0x000000070fa00000| PB 0x000000070fa00000| Complete 
| 126|0x000000070fc00000, 0x000000070fe00000, 0x000000070fe00000|100%| E|CS|TAMS 0x000000070fc00000| PB 0x000000070fc00000| Complete 
| 127|0x000000070fe00000, 0x0000000710000000, 0x0000000710000000|100%| E|CS|TAMS 0x000000070fe00000| PB 0x000000070fe00000| Complete 

Card table byte_map: [0x000001daf4460000,0x000001daf4c60000] _byte_map_base: 0x000001daf0c60000

Marking Bits: (CMBitMap*) 0x000001dadbf7c830
 Bits: [0x000001daf4c60000, 0x000001daf8c60000)

Polling page: 0x000001dadbfe0000

Metaspace:

Usage:
  Non-class:      8.66 MB used.
      Class:   1006.77 KB used.
       Both:      9.64 MB used.

Virtual space:
  Non-class space:       64.00 MB reserved,       8.81 MB ( 14%) committed,  1 nodes.
      Class space:        1.00 GB reserved,       1.12 MB ( <1%) committed,  1 nodes.
             Both:        1.06 GB reserved,       9.94 MB ( <1%) committed. 

Chunk freelists:
   Non-Class:  6.97 MB
       Class:  14.74 MB
        Both:  21.70 MB

MaxMetaspaceSize: unlimited
CompressedClassSpaceSize: 1.00 GB
Initial GC threshold: 21.00 MB
Current GC threshold: 21.00 MB
CDS: on
 - commit_granule_bytes: 65536.
 - commit_granule_words: 8192.
 - virtual_space_node_default_size: 8388608.
 - enlarge_chunks_in_place: 1.
 - use_allocation_guard: 0.


Internal statistics:

num_allocs_failed_limit: 0.
num_arena_births: 180.
num_arena_deaths: 0.
num_vsnodes_births: 2.
num_vsnodes_deaths: 0.
num_space_committed: 159.
num_space_uncommitted: 0.
num_chunks_returned_to_freelist: 0.
num_chunks_taken_from_freelist: 246.
num_chunk_merges: 0.
num_chunk_splits: 140.
num_chunks_enlarged: 51.
num_inconsistent_stats: 0.

CodeHeap 'non-profiled nmethods': size=120000Kb used=638Kb max_used=638Kb free=119361Kb
 bounds [0x000001daec100000, 0x000001daec370000, 0x000001daf3630000]
CodeHeap 'profiled nmethods': size=120000Kb used=4221Kb max_used=4221Kb free=115778Kb
 bounds [0x000001dae4630000, 0x000001dae4a50000, 0x000001daebb60000]
CodeHeap 'non-nmethods': size=5760Kb used=1765Kb max_used=1788Kb free=3994Kb
 bounds [0x000001daebb60000, 0x000001daebdd0000, 0x000001daec100000]
 total_blobs=2864 nmethods=2224 adapters=544
 compilation: enabled
              stopped_count=0, restarted_count=0
 full_count=0

Compilation events (20 events):
Event: 117.529 Thread 0x000001dac5128490 2215   !   3       java.awt.Toolkit::setDesktopProperty (81 bytes)
Event: 117.529 Thread 0x000001dac5128490 nmethod 2215 0x000001dae4a4bb10 code [0x000001dae4a4bd40, 0x000001dae4a4c590]
Event: 121.175 Thread 0x000001dac5128490 2216       3       java.util.HashMap::tableSizeFor (32 bytes)
Event: 121.176 Thread 0x000001dac5128490 nmethod 2216 0x000001dae4a4c810 code [0x000001dae4a4c9e0, 0x000001dae4a4cbe0]
Event: 130.497 Thread 0x000001dac5128490 2217       3       java.awt.Color::<init> (11 bytes)
Event: 130.497 Thread 0x000001dac5128490 nmethod 2217 0x000001dae4a4cc90 code [0x000001dae4a4ce40, 0x000001dae4a4cf80]
Event: 130.497 Thread 0x000001dac5128490 2218       3       java.awt.Color::testColorValueRange (121 bytes)
Event: 130.499 Thread 0x000001dac5128490 nmethod 2218 0x000001dae4a4d010 code [0x000001dae4a4d240, 0x000001dae4a4d820]
Event: 130.509 Thread 0x000001dac5125de0 2219       4       java.awt.Font::equals (131 bytes)
Event: 130.511 Thread 0x000001dac5125de0 nmethod 2219 0x000001daec19e510 code [0x000001daec19e6e0, 0x000001daec19e998]
Event: 130.534 Thread 0x000001dac5125de0 2220       4       java.lang.StringConcatHelper::prepend (37 bytes)
Event: 130.534 Thread 0x000001dac5128490 2221  s    3       sun.awt.windows.WDesktopProperties::setColorProperty (94 bytes)
Event: 130.536 Thread 0x000001dac5128490 nmethod 2221 0x000001dae4a4da90 code [0x000001dae4a4dd20, 0x000001dae4a4eb80]
Event: 130.536 Thread 0x000001dac5125de0 nmethod 2220 0x000001daec19eb90 code [0x000001daec19ed20, 0x000001daec19ef18]
Event: 130.540 Thread 0x000001dac5128490 2222       3       java.awt.Font::<init> (56 bytes)
Event: 130.541 Thread 0x000001dac5128490 nmethod 2222 0x000001dae4a4ef90 code [0x000001dae4a4f140, 0x000001dae4a4f3c8]
Event: 130.553 Thread 0x000001dac5125de0 2223       4       java.lang.String::compareTo (9 bytes)
Event: 130.554 Thread 0x000001dac5125de0 nmethod 2223 0x000001daec19f090 code [0x000001daec19f220, 0x000001daec19f4b0]
Event: 130.554 Thread 0x000001dac5125de0 2224       4       java.lang.String::compareTo (63 bytes)
Event: 130.555 Thread 0x000001dac5125de0 nmethod 2224 0x000001daec19f610 code [0x000001daec19f7a0, 0x000001daec19fa08]

GC Heap History (2 events):
Event: 56.780 GC heap before
{Heap before GC invocations=0 (full 0):
 garbage-first heap   total 262144K, used 12288K [0x0000000700000000, 0x0000000800000000)
  region size 2048K, 6 young (12288K), 0 survivors (0K)
 Metaspace       used 9490K, committed 9792K, reserved 1114112K
  class space    used 995K, committed 1152K, reserved 1048576K
}
Event: 56.788 GC heap after
{Heap after GC invocations=1 (full 0):
 garbage-first heap   total 262144K, used 2328K [0x0000000700000000, 0x0000000800000000)
  region size 2048K, 1 young (2048K), 1 survivors (2048K)
 Metaspace       used 9490K, committed 9792K, reserved 1114112K
  class space    used 995K, committed 1152K, reserved 1048576K
}

Dll operation events (9 events):
Event: 0.011 Loaded shared library C:\Program Files\Amazon Corretto\jdk21.0.5_11\bin\java.dll
Event: 0.055 Loaded shared library C:\Program Files\Amazon Corretto\jdk21.0.5_11\bin\jsvml.dll
Event: 0.095 Loaded shared library C:\Program Files\Amazon Corretto\jdk21.0.5_11\bin\net.dll
Event: 0.097 Loaded shared library C:\Program Files\Amazon Corretto\jdk21.0.5_11\bin\nio.dll
Event: 0.131 Loaded shared library C:\Program Files\Amazon Corretto\jdk21.0.5_11\bin\jimage.dll
Event: 0.146 Loaded shared library C:\Program Files\Amazon Corretto\jdk21.0.5_11\bin\awt.dll
Event: 0.278 Loaded shared library C:\Program Files\Amazon Corretto\jdk21.0.5_11\bin\zip.dll
Event: 0.299 Loaded shared library C:\Program Files\Amazon Corretto\jdk21.0.5_11\bin\freetype.dll
Event: 0.300 Loaded shared library C:\Program Files\Amazon Corretto\jdk21.0.5_11\bin\fontmanager.dll

Deoptimization events (20 events):
Event: 29.146 Thread 0x000001dadbf18cb0 DEOPT PACKING pc=0x000001dae464464c sp=0x0000009ac44fea10
Event: 29.146 Thread 0x000001dadbf18cb0 DEOPT UNPACKING pc=0x000001daebbb88e2 sp=0x0000009ac44fde30 mode 0
Event: 56.788 Thread 0x000001dadbf18cb0 Uncommon trap: trap_request=0xffffff45 fr.pc=0x000001daec1658a0 relative=0x0000000000000100
Event: 56.788 Thread 0x000001dadbf18cb0 Uncommon trap: reason=unstable_if action=reinterpret pc=0x000001daec1658a0 method=java.lang.ref.SoftReference.get()Ljava/lang/Object; @ 17 c2
Event: 56.788 Thread 0x000001dadbf18cb0 DEOPT PACKING pc=0x000001daec1658a0 sp=0x0000009ac44fe770
Event: 56.788 Thread 0x000001dadbf18cb0 DEOPT UNPACKING pc=0x000001daebbb7da2 sp=0x0000009ac44fe720 mode 2
Event: 63.897 Thread 0x000001dac5121480 DEOPT PACKING pc=0x000001dae487ef83 sp=0x0000009ac5afce00
Event: 63.897 Thread 0x000001dac5121480 DEOPT UNPACKING pc=0x000001daebbb88e2 sp=0x0000009ac5afc270 mode 0
Event: 95.205 Thread 0x000001dadbf18cb0 Uncommon trap: trap_request=0xffffffde fr.pc=0x000001daec1877e4 relative=0x0000000000000304
Event: 95.205 Thread 0x000001dadbf18cb0 Uncommon trap: reason=class_check action=maybe_recompile pc=0x000001daec1877e4 method=java.util.regex.Pattern$BmpCharPropertyGreedy.match(Ljava/util/regex/Matcher;ILjava/lang/CharSequence;)Z @ 26 c2
Event: 95.205 Thread 0x000001dadbf18cb0 DEOPT PACKING pc=0x000001daec1877e4 sp=0x0000009ac44fec60
Event: 95.205 Thread 0x000001dadbf18cb0 DEOPT UNPACKING pc=0x000001daebbb7da2 sp=0x0000009ac44fec18 mode 2
Event: 95.205 Thread 0x000001dadbf18cb0 Uncommon trap: trap_request=0xffffffde fr.pc=0x000001daec1877e4 relative=0x0000000000000304
Event: 95.205 Thread 0x000001dadbf18cb0 Uncommon trap: reason=class_check action=maybe_recompile pc=0x000001daec1877e4 method=java.util.regex.Pattern$BmpCharPropertyGreedy.match(Ljava/util/regex/Matcher;ILjava/lang/CharSequence;)Z @ 26 c2
Event: 95.205 Thread 0x000001dadbf18cb0 DEOPT PACKING pc=0x000001daec1877e4 sp=0x0000009ac44febe0
Event: 95.205 Thread 0x000001dadbf18cb0 DEOPT UNPACKING pc=0x000001daebbb7da2 sp=0x0000009ac44feb98 mode 2
Event: 95.205 Thread 0x000001dadbf18cb0 Uncommon trap: trap_request=0xffffffde fr.pc=0x000001daec1877e4 relative=0x0000000000000304
Event: 95.205 Thread 0x000001dadbf18cb0 Uncommon trap: reason=class_check action=maybe_recompile pc=0x000001daec1877e4 method=java.util.regex.Pattern$BmpCharPropertyGreedy.match(Ljava/util/regex/Matcher;ILjava/lang/CharSequence;)Z @ 26 c2
Event: 95.205 Thread 0x000001dadbf18cb0 DEOPT PACKING pc=0x000001daec1877e4 sp=0x0000009ac44fe940
Event: 95.205 Thread 0x000001dadbf18cb0 DEOPT UNPACKING pc=0x000001daebbb7da2 sp=0x0000009ac44fe8f8 mode 2

Classes loaded (20 events):
Event: 63.832 Loading class sun/text/resources/cldr/FormatData_en
Event: 63.832 Loading class sun/text/resources/cldr/FormatData_en done
Event: 63.832 Loading class sun/text/resources/cldr/FormatData_en_US
Event: 63.832 Loading class sun/text/resources/cldr/FormatData_en_US done
Event: 66.259 Loading class java/awt/event/MouseEvent$1
Event: 66.259 Loading class sun/awt/AWTAccessor$MouseEventAccessor
Event: 66.259 Loading class sun/awt/AWTAccessor$MouseEventAccessor done
Event: 66.259 Loading class java/awt/event/MouseEvent$1 done
Event: 66.260 Loading class java/awt/Cursor$CursorDisposer
Event: 66.260 Loading class java/awt/Cursor$CursorDisposer done
Event: 66.261 Loading class java/awt/Container$MouseEventTargetFilter
Event: 66.261 Loading class java/awt/Container$EventTargetFilter
Event: 66.261 Loading class java/awt/Container$EventTargetFilter done
Event: 66.261 Loading class java/awt/Container$MouseEventTargetFilter done
Event: 66.261 Loading class java/awt/LightweightDispatcher$1
Event: 66.261 Loading class java/awt/LightweightDispatcher$1 done
Event: 66.261 Loading class java/awt/Toolkit$SelectiveAWTEventListener
Event: 66.261 Loading class java/awt/Toolkit$SelectiveAWTEventListener done
Event: 66.261 Loading class java/awt/event/MouseWheelEvent
Event: 66.261 Loading class java/awt/event/MouseWheelEvent done

Classes unloaded (0 events):
No events

Classes redefined (0 events):
No events

Internal exceptions (17 events):
Event: 0.098 Thread 0x000001dadbf18cb0 Exception <a 'sun/nio/fs/WindowsException'{0x000000070ffb4cd8}> (0x000000070ffb4cd8) 
thrown [s\src\hotspot\share\prims\jni.cpp, line 520]
Event: 0.100 Thread 0x000001dadbf18cb0 Exception <a 'sun/nio/fs/WindowsException'{0x000000070ffb7340}> (0x000000070ffb7340) 
thrown [s\src\hotspot\share\prims\jni.cpp, line 520]
Event: 0.122 Thread 0x000001dadbf18cb0 Exception <a 'java/lang/NoSuchMethodError'{0x000000070fc4d418}: 'int java.lang.invoke.DirectMethodHandle$Holder.invokeVirtual(java.lang.Object, java.lang.Object, java.lang.Object)'> (0x000000070fc4d418) 
thrown [s\src\hotspot\share\interpreter\linkResolver.cpp, line 773]
Event: 0.136 Thread 0x000001dadbf18cb0 Exception <a 'java/lang/ClassNotFoundException'{0x000000070fc63158}: sun/awt/resources/spi/awtProvider> (0x000000070fc63158) 
thrown [s\src\hotspot\share\classfile\systemDictionary.cpp, line 312]
Event: 0.157 Thread 0x000001dadbf18cb0 Exception <a 'java/io/FileNotFoundException'{0x000000070fcba9c0}> (0x000000070fcba9c0) 
thrown [s\src\hotspot\share\prims\jni.cpp, line 520]
Event: 0.164 Thread 0x000001dadbf18cb0 Exception <a 'java/io/FileNotFoundException'{0x000000070fce5368}> (0x000000070fce5368) 
thrown [s\src\hotspot\share\prims\jni.cpp, line 520]
Event: 0.223 Thread 0x000001dadbf18cb0 Exception <a 'java/lang/NoSuchMethodError'{0x000000070fd672a8}: 'void java.lang.invoke.DirectMethodHandle$Holder.invokeSpecial(java.lang.Object, java.lang.Object, java.lang.Object)'> (0x000000070fd672a8) 
thrown [s\src\hotspot\share\interpreter\linkResolver.cpp, line 773]
Event: 0.231 Thread 0x000001dadbf18cb0 Exception <a 'java/lang/NoSuchMethodError'{0x000000070fa08b48}: 'java.lang.Object java.lang.invoke.DirectMethodHandle$Holder.newInvokeSpecial(java.lang.Object, java.lang.Object, java.lang.Object, java.lang.Object, java.lang.Object)'> (0x000000070fa08b48) 
thrown [s\src\hotspot\share\interpreter\linkResolver.cpp, line 773]
Event: 0.238 Thread 0x000001dadbf18cb0 Exception <a 'java/lang/NoSuchMethodError'{0x000000070fa35608}: 'java.lang.Object java.lang.invoke.DirectMethodHandle$Holder.invokeStatic(java.lang.Object, int, java.lang.Object)'> (0x000000070fa35608) 
thrown [s\src\hotspot\share\interpreter\linkResolver.cpp, line 773]
Event: 0.264 Thread 0x000001dadbf18cb0 Exception <a 'java/lang/ClassNotFoundException'{0x000000070fadab30}: com/sun/swing/internal/plaf/metal/resources/spi/metalProvider> (0x000000070fadab30) 
thrown [s\src\hotspot\share\classfile\systemDictionary.cpp, line 312]
Event: 0.265 Thread 0x000001dadbf18cb0 Exception <a 'java/lang/ClassNotFoundException'{0x000000070fade8b0}: com/sun/swing/internal/plaf/basic/resources/spi/basicProvider> (0x000000070fade8b0) 
thrown [s\src\hotspot\share\classfile\systemDictionary.cpp, line 312]
Event: 0.280 Thread 0x000001dac5120760 Exception <a 'java/lang/NoSuchMethodError'{0x000000070fb3dd28}: 'java.lang.Object java.lang.invoke.DirectMethodHandle$Holder.newInvokeSpecial(java.lang.Object, java.lang.Object, java.lang.Object, int, int, int, int, int)'> (0x000000070fb3dd28) 
thrown [s\src\hotspot\share\interpreter\linkResolver.cpp, line 773]
Event: 0.295 Thread 0x000001dadbf18cb0 Exception <a 'java/lang/NoSuchMethodError'{0x000000070fb10848}: 'int java.lang.invoke.Invokers$Holder.invokeExact_MT(java.lang.Object, java.lang.Object)'> (0x000000070fb10848) 
thrown [s\src\hotspot\share\interpreter\linkResolver.cpp, line 773]
Event: 0.403 Thread 0x000001dac51200d0 Exception <a 'java/lang/NoSuchMethodError'{0x000000070fdbcde8}: 'void java.lang.invoke.DirectMethodHandle$Holder.invokeVirtual(java.lang.Object, java.lang.Object)'> (0x000000070fdbcde8) 
thrown [s\src\hotspot\share\interpreter\linkResolver.cpp, line 773]
Event: 0.418 Thread 0x000001dadbf18cb0 Exception <a 'java/lang/NoSuchMethodError'{0x000000070f831270}: 'void java.lang.invoke.DirectMethodHandle$Holder.invokeStaticInit(java.lang.Object)'> (0x000000070f831270) 
thrown [s\src\hotspot\share\interpreter\linkResolver.cpp, line 773]
Event: 0.449 Thread 0x000001dadbf18cb0 Exception <a 'java/lang/NoSuchMethodError'{0x000000070f864670}: 'void java.lang.invoke.DirectMethodHandle$Holder.invokeStatic(java.lang.Object, java.lang.Object)'> (0x000000070f864670) 
thrown [s\src\hotspot\share\interpreter\linkResolver.cpp, line 773]
Event: 0.507 Thread 0x000001dadbf18cb0 Exception <a 'java/lang/NoSuchMethodError'{0x000000070f886100}: 'int java.lang.invoke.DirectMethodHandle$Holder.invokeStatic(java.lang.Object)'> (0x000000070f886100) 
thrown [s\src\hotspot\share\interpreter\linkResolver.cpp, line 773]

ZGC Phase Switch (0 events):
No events

VM Operations (20 events):
Event: 90.361 Executing VM operation: Cleanup
Event: 90.361 Executing VM operation: Cleanup done
Event: 91.371 Executing VM operation: Cleanup
Event: 91.371 Executing VM operation: Cleanup done
Event: 92.380 Executing VM operation: Cleanup
Event: 92.380 Executing VM operation: Cleanup done
Event: 93.391 Executing VM operation: Cleanup
Event: 93.392 Executing VM operation: Cleanup done
Event: 94.393 Executing VM operation: Cleanup
Event: 94.393 Executing VM operation: Cleanup done
Event: 95.398 Executing VM operation: Cleanup
Event: 95.398 Executing VM operation: Cleanup done
Event: 97.418 Executing VM operation: Cleanup
Event: 97.418 Executing VM operation: Cleanup done
Event: 117.629 Executing VM operation: Cleanup
Event: 117.629 Executing VM operation: Cleanup done
Event: 120.105 Executing VM operation: HandshakeAllThreads (HandshakeForDeflation)
Event: 120.105 Executing VM operation: HandshakeAllThreads (HandshakeForDeflation) done
Event: 120.105 Executing VM operation: RendezvousGCThreads
Event: 120.105 Executing VM operation: RendezvousGCThreads done

Memory protections (0 events):
No events

Nmethod flushes (0 events):
No events

Events (20 events):
Event: 0.035 Thread 0x000001dadbf18cb0 Thread added: 0x000001dadbf18cb0
Event: 0.051 Thread 0x000001dadbf18cb0 Thread added: 0x000001dafb2d57a0
Event: 0.051 Thread 0x000001dadbf18cb0 Thread added: 0x000001dafb2d6b70
Event: 0.052 Thread 0x000001dadbf18cb0 Thread added: 0x000001dafb2da650
Event: 0.052 Thread 0x000001dadbf18cb0 Thread added: 0x000001dafb2db230
Event: 0.052 Thread 0x000001dadbf18cb0 Thread added: 0x000001dafb2e2510
Event: 0.052 Thread 0x000001dadbf18cb0 Thread added: 0x000001dac5122830
Event: 0.052 Thread 0x000001dadbf18cb0 Thread added: 0x000001dac5125de0
Event: 0.052 Thread 0x000001dadbf18cb0 Thread added: 0x000001dac5128490
Event: 0.081 Thread 0x000001dadbf18cb0 Thread added: 0x000001dac5122ec0
Event: 0.116 Thread 0x000001dadbf18cb0 Thread added: 0x000001dac5120df0
Event: 0.199 Thread 0x000001dadbf18cb0 Thread added: 0x000001dac5123550
Event: 0.200 Thread 0x000001dadbf18cb0 Thread added: 0x000001dac5121b10
Event: 0.202 Thread 0x000001dadbf18cb0 Thread added: 0x000001dac51200d0
Event: 0.276 Thread 0x000001dadbf18cb0 Thread added: 0x000001dac5120760
Event: 0.362 Thread 0x000001dadbf18cb0 Thread added: 0x000001dac5121480
Event: 0.538 Thread 0x000001dac5121480 Thread added: 0x000001dac51221a0
Event: 5.285 Thread 0x000001dac5120760 Thread exited: 0x000001dac5120760
Event: 29.141 Thread 0x000001dadbf18cb0 Thread added: 0x000001dac5120760
Event: 34.149 Thread 0x000001dac5120760 Thread exited: 0x000001dac5120760


Dynamic libraries:
0x00007ff6f72f0000 - 0x00007ff6f72fe000 	C:\Program Files\Amazon Corretto\jdk21.0.5_11\bin\java.exe
0x00007ffedc180000 - 0x00007ffedc3e3000 	C:\Windows\SYSTEM32\ntdll.dll
0x00007ffedb410000 - 0x00007ffedb4d7000 	C:\Windows\System32\KERNEL32.DLL
0x00007ffed9bf0000 - 0x00007ffed9fb7000 	C:\Windows\System32\KERNELBASE.dll
0x00007ffed9520000 - 0x00007ffed966c000 	C:\Windows\System32\ucrtbase.dll
0x00007ffe9e8d0000 - 0x00007ffe9e8eb000 	C:\Program Files\Amazon Corretto\jdk21.0.5_11\bin\VCRUNTIME140.dll
0x00007ffed05a0000 - 0x00007ffed05b8000 	C:\Program Files\Amazon Corretto\jdk21.0.5_11\bin\jli.dll
0x00007ffedbae0000 - 0x00007ffedbca9000 	C:\Windows\System32\USER32.dll
0x00007ffed9670000 - 0x00007ffed9697000 	C:\Windows\System32\win32u.dll
0x00007ffeb5dc0000 - 0x00007ffeb6050000 	C:\Windows\WinSxS\amd64_microsoft.windows.common-controls_6595b64144ccf1df_6.0.26100.3037_none_3e09262ce333c378\COMCTL32.dll
0x00007ffedbcb0000 - 0x00007ffedbcda000 	C:\Windows\System32\GDI32.dll
0x00007ffed9970000 - 0x00007ffed9a9b000 	C:\Windows\System32\gdi32full.dll
0x00007ffedba30000 - 0x00007ffedbad9000 	C:\Windows\System32\msvcrt.dll
0x00007ffed9aa0000 - 0x00007ffed9b43000 	C:\Windows\System32\msvcp_win.dll
0x00007ffedbce0000 - 0x00007ffedbd0f000 	C:\Windows\System32\IMM32.DLL
0x00007ffeb6b00000 - 0x00007ffeb6b0c000 	C:\Program Files\Amazon Corretto\jdk21.0.5_11\bin\vcruntime140_1.dll
0x00007ffe9d4d0000 - 0x00007ffe9d55d000 	C:\Program Files\Amazon Corretto\jdk21.0.5_11\bin\msvcp140.dll
0x00007ffe9e8f0000 - 0x00007ffe9f68d000 	C:\Program Files\Amazon Corretto\jdk21.0.5_11\bin\server\jvm.dll
0x00007ffedb340000 - 0x00007ffedb3f4000 	C:\Windows\System32\ADVAPI32.dll
0x00007ffedb4e0000 - 0x00007ffedb586000 	C:\Windows\System32\sechost.dll
0x00007ffedb590000 - 0x00007ffedb6a6000 	C:\Windows\System32\RPCRT4.dll
0x00007ffedc0b0000 - 0x00007ffedc124000 	C:\Windows\System32\WS2_32.dll
0x00007ffed93b0000 - 0x00007ffed93fe000 	C:\Windows\SYSTEM32\POWRPROF.dll
0x00007ffecd060000 - 0x00007ffecd096000 	C:\Windows\SYSTEM32\WINMM.dll
0x00007ffecf270000 - 0x00007ffecf27b000 	C:\Windows\SYSTEM32\VERSION.dll
0x00007ffed9390000 - 0x00007ffed93a4000 	C:\Windows\SYSTEM32\UMPDC.dll
0x00007ffed8310000 - 0x00007ffed832a000 	C:\Windows\SYSTEM32\kernel.appcore.dll
0x00007ffe9f960000 - 0x00007ffe9f96a000 	C:\Program Files\Amazon Corretto\jdk21.0.5_11\bin\jimage.dll
0x00007ffecd0b0000 - 0x00007ffecd2f1000 	C:\Windows\SYSTEM32\DBGHELP.DLL
0x00007ffed9fc0000 - 0x00007ffeda33e000 	C:\Windows\System32\combase.dll
0x00007ffedb7b0000 - 0x00007ffedb886000 	C:\Windows\System32\OLEAUT32.dll
0x00007ffecc340000 - 0x00007ffecc379000 	C:\Windows\SYSTEM32\dbgcore.DLL
0x00007ffed9b50000 - 0x00007ffed9be9000 	C:\Windows\System32\bcryptPrimitives.dll
0x00007ffe9e870000 - 0x00007ffe9e88f000 	C:\Program Files\Amazon Corretto\jdk21.0.5_11\bin\java.dll
0x00007ffeda3e0000 - 0x00007ffedaae4000 	C:\Windows\System32\SHELL32.dll
0x00007ffed7200000 - 0x00007ffed7a37000 	C:\Windows\SYSTEM32\windows.storage.dll
0x00007ffedbd20000 - 0x00007ffedbe09000 	C:\Windows\System32\SHCORE.dll
0x00007ffedbf50000 - 0x00007ffedbfad000 	C:\Windows\System32\shlwapi.dll
0x00007ffed9430000 - 0x00007ffed945e000 	C:\Windows\SYSTEM32\profapi.dll
0x00007ffe9e790000 - 0x00007ffe9e867000 	C:\Program Files\Amazon Corretto\jdk21.0.5_11\bin\jsvml.dll
0x00007ffe9f8f0000 - 0x00007ffe9f900000 	C:\Program Files\Amazon Corretto\jdk21.0.5_11\bin\net.dll
0x00007ffed12c0000 - 0x00007ffed13de000 	C:\Windows\SYSTEM32\WINHTTP.dll
0x00007ffed8800000 - 0x00007ffed8868000 	C:\Windows\system32\mswsock.dll
0x00007ffe9f740000 - 0x00007ffe9f756000 	C:\Program Files\Amazon Corretto\jdk21.0.5_11\bin\nio.dll
0x00007ffe9d560000 - 0x00007ffe9d6ee000 	C:\Program Files\Amazon Corretto\jdk21.0.5_11\bin\awt.dll
0x00007ffed6700000 - 0x00007ffed679c000 	C:\Windows\SYSTEM32\apphelp.dll
0x00007ffed6890000 - 0x00007ffed693d000 	C:\Windows\system32\uxtheme.dll
0x00007ffedb1e0000 - 0x00007ffedb33c000 	C:\Windows\System32\MSCTF.dll
0x00007ffedb890000 - 0x00007ffedba25000 	C:\Windows\System32\ole32.dll
0x00007ffed6b80000 - 0x00007ffed6bae000 	C:\Windows\system32\DWMAPI.DLL
0x00007ffe9f720000 - 0x00007ffe9f738000 	C:\Program Files\Amazon Corretto\jdk21.0.5_11\bin\zip.dll
0x00007ffe9cdb0000 - 0x00007ffe9ce37000 	C:\Program Files\Amazon Corretto\jdk21.0.5_11\bin\freetype.dll
0x00007ffe9ccd0000 - 0x00007ffe9cdaa000 	C:\Program Files\Amazon Corretto\jdk21.0.5_11\bin\fontmanager.dll
0x00007ffe9d260000 - 0x00007ffe9d36c000 	C:\Windows\system32\opengl32.dll
0x00007ffe9d230000 - 0x00007ffe9d25d000 	C:\Windows\SYSTEM32\GLU32.dll
0x00007ffed6980000 - 0x00007ffed69c7000 	C:\Windows\SYSTEM32\dxcore.dll
0x00007ffedbea0000 - 0x00007ffedbf48000 	C:\Windows\System32\clbcatq.dll
0x00007ffed49f0000 - 0x00007ffed4c1e000 	C:\Windows\SYSTEM32\WindowsCodecs.dll
0x00007ffeaf020000 - 0x00007ffeaf07a000 	C:\Windows\system32\dataexchange.dll
0x00007ffed1b90000 - 0x00007ffed1dc8000 	C:\Windows\system32\twinapi.appcore.dll
0x00007ffecdfe0000 - 0x00007ffece126000 	C:\Windows\SYSTEM32\textinputframework.dll
0x00007ffed6270000 - 0x00007ffed6395000 	C:\Windows\SYSTEM32\CoreMessaging.dll
0x00007ffed3c80000 - 0x00007ffed3f63000 	C:\Windows\SYSTEM32\CoreUIComponents.dll
0x00007ffed3b10000 - 0x00007ffed3c78000 	C:\Windows\SYSTEM32\wintypes.dll
0x00007ffed8b90000 - 0x00007ffed8b9c000 	C:\Windows\SYSTEM32\CRYPTBASE.DLL

dbghelp: loaded successfully - version: 4.0.5 - missing functions: none
symbol engine: initialized successfully - sym options: 0x614 - pdb path: .;C:\Program Files\Amazon Corretto\jdk21.0.5_11\bin;C:\Windows\SYSTEM32;C:\Windows\WinSxS\amd64_microsoft.windows.common-controls_6595b64144ccf1df_6.0.26100.3037_none_3e09262ce333c378;C:\Program Files\Amazon Corretto\jdk21.0.5_11\bin\server

VM Arguments:
jvm_args: -Dfile.encoding=UTF-8 --module-path=C:\Users\lab_services_student\Documents\NetBeansProjects\ChatApp\build\classes 
java_command: chatapp.ChatApp
java_class_path (initial): C:\Users\lab_services_student\Documents\NetBeansProjects\ChatApp\build\classes
Launcher Type: SUN_STANDARD

[Global flags]
     intx CICompilerCount                          = 3                                         {product} {ergonomic}
     uint ConcGCThreads                            = 1                                         {product} {ergonomic}
     uint G1ConcRefinementThreads                  = 4                                         {product} {ergonomic}
   size_t G1HeapRegionSize                         = 2097152                                   {product} {ergonomic}
    uintx GCDrainStackTargetSize                   = 64                                        {product} {ergonomic}
   size_t InitialHeapSize                          = 268435456                                 {product} {ergonomic}
   size_t MarkStackSize                            = 4194304                                   {product} {ergonomic}
   size_t MaxHeapSize                              = 4294967296                                {product} {ergonomic}
   size_t MaxNewSize                               = 2575302656                                {product} {ergonomic}
   size_t MinHeapDeltaBytes                        = 2097152                                   {product} {ergonomic}
   size_t MinHeapSize                              = 8388608                                   {product} {ergonomic}
    uintx NonNMethodCodeHeapSize                   = 5832780                                {pd product} {ergonomic}
    uintx NonProfiledCodeHeapSize                  = 122912730                              {pd product} {ergonomic}
    uintx ProfiledCodeHeapSize                     = 122912730                              {pd product} {ergonomic}
    uintx ReservedCodeCacheSize                    = 251658240                              {pd product} {ergonomic}
     bool SegmentedCodeCache                       = true                                      {product} {ergonomic}
   size_t SoftMaxHeapSize                          = 4294967296                             {manageable} {ergonomic}
     bool UseCompressedOops                        = true                           {product lp64_product} {ergonomic}
     bool UseG1GC                                  = true                                      {product} {ergonomic}
     bool UseLargePagesIndividualAllocation        = false                                  {pd product} {ergonomic}

Logging:
Log output configuration:
 #0: stdout all=warning uptime,level,tags foldmultilines=false
 #1: stderr all=off uptime,level,tags foldmultilines=false

Environment Variables:
JAVA_HOME=C:\Program Files\Amazon Corretto\jdk21.0.5_11
PATH=C:\Program Files\Amazon Corretto\jdk21.0.5_11\bin;C:\Program Files (x86)\Common Files\Oracle\Java\java8path;C:\Program Files (x86)\Common Files\Oracle\Java\javapath;C:\Program Files (x86)\Microsoft SDKs\Azure\CLI2\wbin;C:\Windows\system32;C:\Windows;C:\Windows\System32\Wbem;C:\Windows\System32\WindowsPowerShell\v1.0\;C:\Windows\System32\OpenSSH\;C:\Program Files\GitHub CLI\;C:\Users\vmadmin\AppData\Local\Microsoft\WindowsApps;C:\Program Files\Azure Dev CLI;C:\Program Files\PowerShell\7\;C:\Program Files\Microsoft VS Code\bin;C:\ProgramData\chocolatey\bin;C:\Program Files\Git\cmd;C:\Users\lab_services_student\AppData\Local\Microsoft\WindowsApps;C:\Users\lab_services_student\AppData\Local\GitHubDesktop\bin;C:\tools\mysql\current\bin
USERNAME=lab_services_student
OS=Windows_NT
PROCESSOR_IDENTIFIER=Intel64 Family 6 Model 85 Stepping 7, GenuineIntel
TMP=C:\Users\LAB_SE~1\AppData\Local\Temp
TEMP=C:\Users\LAB_SE~1\AppData\Local\Temp




Periodic native trim disabled

---------------  S Y S T E M  ---------------

OS:
 Windows 11 , 64 bit Build 26100 (10.0.26100.3037)
OS uptime: 0 days 0:11 hours
Hyper-V role detected

CPU: total 4 (initial active 4) (2 cores per cpu, 2 threads per core) family 6 model 85 stepping 7 microcode 0xffffffff, cx8, cmov, fxsr, ht, mmx, 3dnowpref, sse, sse2, sse3, ssse3, sse4.1, sse4.2, popcnt, lzcnt, tsc, avx, avx2, aes, erms, clmul, bmi1, bmi2, rtm, adx, avx512f, avx512dq, avx512cd, avx512bw, avx512vl, fma, vzeroupper, avx512_vnni, clflush, clflushopt, clwb, hv, rdtscp, f16c
Processor Information for all 4 processors :
  Max Mhz: 2594, Current Mhz: 2594, Mhz Limit: 2594

Memory: 4k page, system-wide physical 16382M (11911M free)
TotalPageFile size 18814M (AvailPageFile size 13812M)
current process WorkingSet (physical memory assigned to process): 83M, peak: 85M
current process commit charge ("private bytes"): 351M, peak: 353M

vm_info: OpenJDK 64-Bit Server VM (21.0.5+11-LTS) for windows-amd64 JRE (21.0.5+11-LTS), built on 2024-10-11T20:58:34Z by "Administrator" with MS VC++ 16.10 / 16.11 (VS2019)

END.
